2018-03-30 13:56:44,214 [WARN] from org.hibernate.validator.messageinterpolation.ParameterMessageInterpolator in play-dev-mode-akka.actor.default-dispatcher-12 - HV000184: ParameterMessageInterpolator has been chosen, EL interpolation will not be supported
2018-03-30 13:56:44,346 [INFO] from play.api.http.EnabledFilters in play-dev-mode-akka.actor.default-dispatcher-12 - Enabled Filters (see <https://www.playframework.com/documentation/latest/Filters>):

    play.filters.headers.SecurityHeadersFilter
    play.filters.hosts.AllowedHostsFilter

2018-03-30 13:56:44,351 [INFO] from play.api.Play in play-dev-mode-akka.actor.default-dispatcher-12 - Application started (Dev)
2018-03-30 13:59:16,321 [WARN] from org.hibernate.validator.messageinterpolation.ParameterMessageInterpolator in play-dev-mode-akka.actor.default-dispatcher-10 - HV000184: ParameterMessageInterpolator has been chosen, EL interpolation will not be supported
2018-03-30 13:59:16,327 [INFO] from play.api.http.EnabledFilters in play-dev-mode-akka.actor.default-dispatcher-10 - Enabled Filters (see <https://www.playframework.com/documentation/latest/Filters>):

    play.filters.headers.SecurityHeadersFilter
    play.filters.hosts.AllowedHostsFilter

2018-03-30 13:59:16,327 [INFO] from play.api.Play in play-dev-mode-akka.actor.default-dispatcher-10 - Application started (Dev)
2018-03-30 14:04:43,217 [WARN] from org.hibernate.validator.messageinterpolation.ParameterMessageInterpolator in play-dev-mode-akka.actor.default-dispatcher-131 - HV000184: ParameterMessageInterpolator has been chosen, EL interpolation will not be supported
2018-03-30 14:04:43,222 [INFO] from play.api.http.EnabledFilters in play-dev-mode-akka.actor.default-dispatcher-131 - Enabled Filters (see <https://www.playframework.com/documentation/latest/Filters>):

    play.filters.headers.SecurityHeadersFilter
    play.filters.hosts.AllowedHostsFilter

2018-03-30 14:04:43,222 [INFO] from play.api.Play in play-dev-mode-akka.actor.default-dispatcher-131 - Application started (Dev)
2018-03-30 14:05:24,068 [WARN] from org.hibernate.validator.messageinterpolation.ParameterMessageInterpolator in play-dev-mode-akka.actor.default-dispatcher-234 - HV000184: ParameterMessageInterpolator has been chosen, EL interpolation will not be supported
2018-03-30 14:05:24,073 [INFO] from play.api.http.EnabledFilters in play-dev-mode-akka.actor.default-dispatcher-234 - Enabled Filters (see <https://www.playframework.com/documentation/latest/Filters>):

    play.filters.headers.SecurityHeadersFilter
    play.filters.hosts.AllowedHostsFilter

2018-03-30 14:05:24,073 [INFO] from play.api.Play in play-dev-mode-akka.actor.default-dispatcher-234 - Application started (Dev)
2018-03-30 14:06:53,223 [WARN] from org.hibernate.validator.messageinterpolation.ParameterMessageInterpolator in play-dev-mode-akka.actor.default-dispatcher-266 - HV000184: ParameterMessageInterpolator has been chosen, EL interpolation will not be supported
2018-03-30 14:06:53,228 [INFO] from play.api.http.EnabledFilters in play-dev-mode-akka.actor.default-dispatcher-266 - Enabled Filters (see <https://www.playframework.com/documentation/latest/Filters>):

    play.filters.headers.SecurityHeadersFilter
    play.filters.hosts.AllowedHostsFilter

2018-03-30 14:06:53,228 [INFO] from play.api.Play in play-dev-mode-akka.actor.default-dispatcher-266 - Application started (Dev)
2018-03-30 14:22:16,184 [WARN] from org.hibernate.validator.messageinterpolation.ParameterMessageInterpolator in play-dev-mode-akka.actor.default-dispatcher-434 - HV000184: ParameterMessageInterpolator has been chosen, EL interpolation will not be supported
2018-03-30 14:22:16,188 [INFO] from play.api.http.EnabledFilters in play-dev-mode-akka.actor.default-dispatcher-434 - Enabled Filters (see <https://www.playframework.com/documentation/latest/Filters>):

    play.filters.headers.SecurityHeadersFilter
    play.filters.hosts.AllowedHostsFilter

2018-03-30 14:22:16,189 [INFO] from play.api.Play in play-dev-mode-akka.actor.default-dispatcher-434 - Application started (Dev)
2018-03-30 14:23:03,438 [WARN] from org.hibernate.validator.messageinterpolation.ParameterMessageInterpolator in play-dev-mode-akka.actor.default-dispatcher-442 - HV000184: ParameterMessageInterpolator has been chosen, EL interpolation will not be supported
2018-03-30 14:23:03,442 [INFO] from play.api.http.EnabledFilters in play-dev-mode-akka.actor.default-dispatcher-442 - Enabled Filters (see <https://www.playframework.com/documentation/latest/Filters>):

    play.filters.headers.SecurityHeadersFilter
    play.filters.hosts.AllowedHostsFilter

2018-03-30 14:23:03,443 [INFO] from play.api.Play in play-dev-mode-akka.actor.default-dispatcher-442 - Application started (Dev)
2018-03-30 14:23:50,140 [WARN] from org.hibernate.validator.messageinterpolation.ParameterMessageInterpolator in play-dev-mode-akka.actor.default-dispatcher-505 - HV000184: ParameterMessageInterpolator has been chosen, EL interpolation will not be supported
2018-03-30 14:23:50,144 [INFO] from play.api.http.EnabledFilters in play-dev-mode-akka.actor.default-dispatcher-505 - Enabled Filters (see <https://www.playframework.com/documentation/latest/Filters>):

    play.filters.headers.SecurityHeadersFilter
    play.filters.hosts.AllowedHostsFilter

2018-03-30 14:23:50,144 [INFO] from play.api.Play in play-dev-mode-akka.actor.default-dispatcher-505 - Application started (Dev)
2018-03-30 14:28:12,627 [WARN] from org.hibernate.validator.messageinterpolation.ParameterMessageInterpolator in play-dev-mode-akka.actor.default-dispatcher-541 - HV000184: ParameterMessageInterpolator has been chosen, EL interpolation will not be supported
2018-03-30 14:28:12,631 [INFO] from play.api.http.EnabledFilters in play-dev-mode-akka.actor.default-dispatcher-541 - Enabled Filters (see <https://www.playframework.com/documentation/latest/Filters>):

    play.filters.headers.SecurityHeadersFilter
    play.filters.hosts.AllowedHostsFilter

2018-03-30 14:28:12,631 [INFO] from play.api.Play in play-dev-mode-akka.actor.default-dispatcher-541 - Application started (Dev)
2018-03-30 14:30:30,013 [WARN] from org.hibernate.validator.messageinterpolation.ParameterMessageInterpolator in play-dev-mode-akka.actor.default-dispatcher-617 - HV000184: ParameterMessageInterpolator has been chosen, EL interpolation will not be supported
2018-03-30 14:30:30,017 [INFO] from play.api.http.EnabledFilters in play-dev-mode-akka.actor.default-dispatcher-617 - Enabled Filters (see <https://www.playframework.com/documentation/latest/Filters>):

    play.filters.headers.SecurityHeadersFilter
    play.filters.hosts.AllowedHostsFilter

2018-03-30 14:30:30,017 [INFO] from play.api.Play in play-dev-mode-akka.actor.default-dispatcher-617 - Application started (Dev)
